<?xml version="1.0" encoding="UTF-8"?>
<!-- Generated by org.testng.reporters.JUnitXMLReporter -->
<testsuite ignored="0" hostname="DESKTOP-NB60TP2" failures="0" tests="2" name="TestRunner-edge" time="85.354" errors="0" timestamp="2024-11-29T16:13:10 IST">
  <testcase classname="com.comcast.crm.testNG.CreateOpportunityAndProductTest" name="createOppWithOrgNameTest" time="0.0">
    <skipped/>
  </testcase> <!-- createOppWithOrgNameTest -->
  <testcase classname="com.comcast.crm.testNG.CreateOpportunityAndProductTest" name="createProductWithdatesTest" time="0.0">
    <skipped/>
  </testcase> <!-- createProductWithdatesTest -->
</testsuite> <!-- TestRunner-edge -->
