<?xml version="1.0" encoding="UTF-8"?>
<!-- Generated by org.testng.reporters.JUnitXMLReporter -->
<testsuite ignored="1" hostname="DESKTOP-NB60TP2" failures="0" tests="1" name="Default test" time="114.932" errors="0" timestamp="2024-12-13T21:46:02 IST">
  <testcase classname="com.crmVTiger.moduleTest.CreateProductTest" name="createProductWithCatogryTest" time="28.271"/>
  <testcase classname="com.crmVTiger.moduleTest.CreateProductTest" name="createProductWithPortnoTest" time="0.0">
    <ignored/>
  </testcase> <!-- createProductWithPortnoTest -->
</testsuite> <!-- Default test -->
