<?xml version="1.0" encoding="UTF-8"?>
<!-- Generated by org.testng.reporters.JUnitXMLReporter -->
<testsuite ignored="0" hostname="DESKTOP-NB60TP2" failures="0" tests="2" name="Default test" time="160.359" errors="0" timestamp="2024-12-12T09:41:20 IST">
  <testcase classname="com.crmVTiger.moduleTest.CreateProductTest" name="createProductWithPortnoTest" time="36.978"/>
  <testcase classname="com.crmVTiger.moduleTest.CreateProductTest" name="createProductWithVendorNameTest" time="30.61"/>
</testsuite> <!-- Default test -->
