<?xml version="1.0" encoding="UTF-8"?>
<testng-results ignored="0" total="1" passed="1" failed="0" skipped="0">
  <reporter-output>
  </reporter-output>
  <suite started-at="2024-12-13T21:44:07 IST" name="Default suite" finished-at="2024-12-13T21:46:02 IST" duration-ms="114932">
    <groups>
    </groups>
    <test started-at="2024-12-13T21:44:07 IST" name="Default test" finished-at="2024-12-13T21:46:02 IST" duration-ms="114932">
      <class name="com.crmVTiger.moduleTest.CreateProductTest">
        <test-method is-config="true" signature="configBS()[pri:0, instance:com.crmVTiger.moduleTest.CreateProductTest@5afa3c9]" started-at="2024-12-13T21:44:07 IST" name="configBS" finished-at="2024-12-13T21:44:07 IST" duration-ms="550" status="PASS">
          <reporter-output>
          </reporter-output>
        </test-method> <!-- configBS -->
        <test-method is-config="true" signature="configBC()[pri:0, instance:com.crmVTiger.moduleTest.CreateProductTest@5afa3c9]" started-at="2024-12-13T21:44:07 IST" name="configBC" finished-at="2024-12-13T21:44:52 IST" duration-ms="44905" status="PASS">
          <reporter-output>
          </reporter-output>
        </test-method> <!-- configBC -->
        <test-method is-config="true" signature="configBM()[pri:0, instance:com.crmVTiger.moduleTest.CreateProductTest@5afa3c9]" started-at="2024-12-13T21:44:52 IST" name="configBM" finished-at="2024-12-13T21:45:27 IST" duration-ms="34634" status="PASS">
          <reporter-output>
          </reporter-output>
        </test-method> <!-- configBM -->
        <test-method signature="createProductWithCatogryTest()[pri:0, instance:com.crmVTiger.moduleTest.CreateProductTest@5afa3c9]" started-at="2024-12-13T21:45:27 IST" name="createProductWithCatogryTest" finished-at="2024-12-13T21:45:55 IST" duration-ms="28271" status="PASS">
          <reporter-output>
          </reporter-output>
        </test-method> <!-- createProductWithCatogryTest -->
        <test-method is-config="true" signature="configAM()[pri:0, instance:com.crmVTiger.moduleTest.CreateProductTest@5afa3c9]" started-at="2024-12-13T21:45:55 IST" name="configAM" finished-at="2024-12-13T21:45:59 IST" duration-ms="3961" status="PASS">
          <reporter-output>
          </reporter-output>
        </test-method> <!-- configAM -->
        <test-method is-config="true" signature="configAC()[pri:0, instance:com.crmVTiger.moduleTest.CreateProductTest@5afa3c9]" started-at="2024-12-13T21:45:59 IST" name="configAC" finished-at="2024-12-13T21:46:02 IST" duration-ms="3064" status="PASS">
          <reporter-output>
          </reporter-output>
        </test-method> <!-- configAC -->
        <test-method is-config="true" signature="configAS()[pri:0, instance:com.crmVTiger.moduleTest.CreateProductTest@5afa3c9]" started-at="2024-12-13T21:46:02 IST" name="configAS" finished-at="2024-12-13T21:46:02 IST" duration-ms="79" status="PASS">
          <reporter-output>
          </reporter-output>
        </test-method> <!-- configAS -->
      </class> <!-- com.crmVTiger.moduleTest.CreateProductTest -->
    </test> <!-- Default test -->
  </suite> <!-- Default suite -->
</testng-results>
