<?xml version="1.0" encoding="UTF-8"?>
<testng-results ignored="0" total="2" passed="2" failed="0" skipped="0">
  <reporter-output>
  </reporter-output>
  <suite started-at="2024-12-12T09:38:39 IST" name="Default suite" finished-at="2024-12-12T09:41:19 IST" duration-ms="160359">
    <groups>
    </groups>
    <test started-at="2024-12-12T09:38:39 IST" name="Default test" finished-at="2024-12-12T09:41:19 IST" duration-ms="160359">
      <class name="com.crmVTiger.moduleTest.CreateProductTest">
        <test-method is-config="true" signature="configBS()[pri:0, instance:com.crmVTiger.moduleTest.CreateProductTest@3ba987b8]" started-at="2024-12-12T09:38:38 IST" name="configBS" finished-at="2024-12-12T09:38:39 IST" duration-ms="1339" status="PASS">
          <reporter-output>
          </reporter-output>
        </test-method> <!-- configBS -->
        <test-method is-config="true" signature="configBC()[pri:0, instance:com.crmVTiger.moduleTest.CreateProductTest@3ba987b8]" started-at="2024-12-12T09:38:39 IST" name="configBC" finished-at="2024-12-12T09:39:18 IST" duration-ms="38733" status="PASS">
          <reporter-output>
          </reporter-output>
        </test-method> <!-- configBC -->
        <test-method is-config="true" signature="configBM()[pri:0, instance:com.crmVTiger.moduleTest.CreateProductTest@3ba987b8]" started-at="2024-12-12T09:39:18 IST" name="configBM" finished-at="2024-12-12T09:39:53 IST" duration-ms="35714" status="PASS">
          <reporter-output>
          </reporter-output>
        </test-method> <!-- configBM -->
        <test-method signature="createProductWithPortnoTest()[pri:0, instance:com.crmVTiger.moduleTest.CreateProductTest@3ba987b8]" started-at="2024-12-12T09:39:53 IST" name="createProductWithPortnoTest" finished-at="2024-12-12T09:40:30 IST" duration-ms="36978" status="PASS">
          <reporter-output>
          </reporter-output>
        </test-method> <!-- createProductWithPortnoTest -->
        <test-method is-config="true" signature="configAM()[pri:0, instance:com.crmVTiger.moduleTest.CreateProductTest@3ba987b8]" started-at="2024-12-12T09:40:30 IST" name="configAM" finished-at="2024-12-12T09:40:35 IST" duration-ms="4521" status="PASS">
          <reporter-output>
          </reporter-output>
        </test-method> <!-- configAM -->
        <test-method is-config="true" signature="configBM()[pri:0, instance:com.crmVTiger.moduleTest.CreateProductTest@3ba987b8]" started-at="2024-12-12T09:40:35 IST" name="configBM" finished-at="2024-12-12T09:40:39 IST" duration-ms="3757" status="PASS">
          <reporter-output>
          </reporter-output>
        </test-method> <!-- configBM -->
        <test-method signature="createProductWithVendorNameTest()[pri:0, instance:com.crmVTiger.moduleTest.CreateProductTest@3ba987b8]" started-at="2024-12-12T09:40:39 IST" name="createProductWithVendorNameTest" finished-at="2024-12-12T09:41:09 IST" duration-ms="30610" status="PASS">
          <reporter-output>
          </reporter-output>
        </test-method> <!-- createProductWithVendorNameTest -->
        <test-method is-config="true" signature="configAM()[pri:0, instance:com.crmVTiger.moduleTest.CreateProductTest@3ba987b8]" started-at="2024-12-12T09:41:09 IST" name="configAM" finished-at="2024-12-12T09:41:12 IST" duration-ms="2973" status="PASS">
          <reporter-output>
          </reporter-output>
        </test-method> <!-- configAM -->
        <test-method is-config="true" signature="configAC()[pri:0, instance:com.crmVTiger.moduleTest.CreateProductTest@3ba987b8]" started-at="2024-12-12T09:41:12 IST" name="configAC" finished-at="2024-12-12T09:41:19 IST" duration-ms="6898" status="PASS">
          <reporter-output>
          </reporter-output>
        </test-method> <!-- configAC -->
        <test-method is-config="true" signature="configAS()[pri:0, instance:com.crmVTiger.moduleTest.CreateProductTest@3ba987b8]" started-at="2024-12-12T09:41:20 IST" name="configAS" finished-at="2024-12-12T09:41:20 IST" duration-ms="32" status="PASS">
          <reporter-output>
          </reporter-output>
        </test-method> <!-- configAS -->
      </class> <!-- com.crmVTiger.moduleTest.CreateProductTest -->
    </test> <!-- Default test -->
  </suite> <!-- Default suite -->
</testng-results>
